<?xml version="1.0" encoding="UTF-8"?>
<testng-results skipped="0" failed="0" ignored="0" total="1" passed="1">
  <reporter-output>
  </reporter-output>
  <suite name="Suite" duration-ms="3117" started-at="2020-10-31T14:49:14Z" finished-at="2020-10-31T14:49:17Z">
    <groups>
      <group name="cucumber">
        <method signature="AbstractTestNGCucumberTests.runScenario(io.cucumber.testng.PickleWrapper, io.cucumber.testng.FeatureWrapper)[pri:0, instance:testRunner.TestRunner@4e9ba398]" name="runScenario" class="io.cucumber.testng.AbstractTestNGCucumberTests"/>
      </group> <!-- cucumber -->
    </groups>
    <test name="Test" duration-ms="3117" started-at="2020-10-31T14:49:14Z" finished-at="2020-10-31T14:49:17Z">
      <class name="testRunner.TestRunner">
        <test-method status="PASS" signature="setUpClass()[pri:0, instance:testRunner.TestRunner@4e9ba398]" name="setUpClass" is-config="true" duration-ms="258" started-at="2020-10-31T14:49:14Z" finished-at="2020-10-31T14:49:14Z">
          <reporter-output>
          </reporter-output>
        </test-method> <!-- setUpClass -->
        <test-method status="PASS" signature="runScenario(io.cucumber.testng.PickleWrapper, io.cucumber.testng.FeatureWrapper)[pri:0, instance:testRunner.TestRunner@4e9ba398]" name="runScenario" duration-ms="2840" started-at="2020-10-31T14:49:14Z" description="Runs Cucumber Scenarios" data-provider="scenarios" finished-at="2020-10-31T14:49:17Z">
          <params>
            <param index="0">
              <value>
                <![CDATA["swagger product post"]]>
              </value>
            </param>
            <param index="1">
              <value>
                <![CDATA["API automation for swagger product"]]>
              </value>
            </param>
          </params>
          <reporter-output>
          </reporter-output>
        </test-method> <!-- runScenario -->
        <test-method status="PASS" signature="tearDownClass()[pri:0, instance:testRunner.TestRunner@4e9ba398]" name="tearDownClass" is-config="true" duration-ms="2" started-at="2020-10-31T14:49:17Z" finished-at="2020-10-31T14:49:17Z">
          <reporter-output>
          </reporter-output>
        </test-method> <!-- tearDownClass -->
      </class> <!-- testRunner.TestRunner -->
    </test> <!-- Test -->
  </suite> <!-- Suite -->
</testng-results>
